Watching for file changes with StatReloader
Watching for file changes with StatReloader
Watching for file changes with StatReloader
Watching for file changes with StatReloader
Watching for file changes with StatReloader
Watching for file changes with StatReloader
Watching for file changes with StatReloader
Watching for file changes with StatReloader
"GET / HTTP/1.1" 200 12068
Not Found: /favicon.ico
"GET /favicon.ico HTTP/1.1" 404 2210
"GET /admin HTTP/1.1" 301 0
"GET /admin/ HTTP/1.1" 302 0
"GET /admin/login/?next=/admin/ HTTP/1.1" 200 4177
"GET /static/admin/css/dark_mode.css HTTP/1.1" 200 2808
"GET /static/admin/css/login.css HTTP/1.1" 200 951
"GET /static/admin/css/nav_sidebar.css HTTP/1.1" 200 2810
"GET /static/admin/js/theme.js HTTP/1.1" 200 1653
"GET /static/admin/css/base.css HTTP/1.1" 200 22120
"GET /static/admin/css/responsive.css HTTP/1.1" 200 16565
"GET /static/admin/js/nav_sidebar.js HTTP/1.1" 200 3063
"POST /admin/login/?next=/admin/ HTTP/1.1" 200 4348
"GET / HTTP/1.1" 200 12068
Watching for file changes with StatReloader
"GET /admin/ HTTP/1.1" 302 0
"GET /admin/login/?next=/admin/ HTTP/1.1" 200 4177
"POST /admin/login/?next=/admin/ HTTP/1.1" 302 0
"GET /admin/ HTTP/1.1" 200 5543
"GET /static/admin/css/dashboard.css HTTP/1.1" 200 441
"GET /static/admin/img/icon-addlink.svg HTTP/1.1" 200 331
"GET /static/admin/img/icon-changelink.svg HTTP/1.1" 200 380
/home/stephano/Desktop/sygkenthróno/WebSoftware/agriculturalAdminApp/api/orders/models.py changed, reloading.
Watching for file changes with StatReloader
/home/stephano/Desktop/sygkenthróno/WebSoftware/agriculturalAdminApp/api/orders/models.py changed, reloading.
Watching for file changes with StatReloader
/home/stephano/Desktop/sygkenthróno/WebSoftware/agriculturalAdminApp/api/reviews/models.py changed, reloading.
Watching for file changes with StatReloader
/home/stephano/Desktop/sygkenthróno/WebSoftware/agriculturalAdminApp/api/reviews/models.py changed, reloading.
Watching for file changes with StatReloader
/home/stephano/Desktop/sygkenthróno/WebSoftware/agriculturalAdminApp/api/chat/models.py changed, reloading.
Watching for file changes with StatReloader
/home/stephano/Desktop/sygkenthróno/WebSoftware/agriculturalAdminApp/api/analytics/models.py changed, reloading.
Watching for file changes with StatReloader
Watching for file changes with StatReloader
